[2020-04-12T00:46:48.151] [DEBUG] cheese - login => username:zs,password:123456
[2020-04-12T00:46:48.152] [DEBUG] cheese - zs
[2020-04-12T00:46:48.304] [DEBUG] cheese - null
[2020-04-12T00:46:48.305] [DEBUG] cheese - null
[2020-04-12T00:47:13.210] [DEBUG] cheese - login => username:admin,password:123456
[2020-04-12T00:47:13.210] [DEBUG] cheese - admin
[2020-04-12T00:47:13.229] [DEBUG] cheese - null
[2020-04-12T00:47:13.230] [DEBUG] cheese - null
[2020-04-12T16:59:38.783] [DEBUG] cheese - login => username:asda,password:asdsad
[2020-04-12T16:59:38.793] [DEBUG] cheese - asda
[2020-04-12T16:59:38.929] [DEBUG] cheese - null
[2020-04-12T16:59:38.930] [DEBUG] cheese - null
[2020-04-12T17:01:52.939] [DEBUG] cheese - login => username:adsa,password:asdsad
[2020-04-12T17:01:52.939] [DEBUG] cheese - adsa
[2020-04-12T17:01:52.946] [DEBUG] cheese - null
[2020-04-12T17:01:52.946] [DEBUG] cheese - null
[2020-04-12T17:03:04.606] [DEBUG] cheese - login => username:sadasd,password:asdsad
[2020-04-12T17:03:04.607] [DEBUG] cheese - sadasd
[2020-04-12T17:03:04.611] [DEBUG] cheese - null
[2020-04-12T17:03:04.611] [DEBUG] cheese - null
[2020-04-12T17:04:25.526] [DEBUG] cheese - login => username:sadasd,password:asdsad
[2020-04-12T17:04:25.526] [DEBUG] cheese - sadasd
[2020-04-12T17:04:25.554] [DEBUG] cheese - null
[2020-04-12T17:04:25.554] [DEBUG] cheese - null
[2020-04-12T17:04:31.850] [DEBUG] cheese - login => username:sadsad,password:asdad
[2020-04-12T17:04:31.850] [DEBUG] cheese - sadsad
[2020-04-12T17:04:31.852] [DEBUG] cheese - null
[2020-04-12T17:04:31.853] [DEBUG] cheese - null
[2020-04-12T17:10:32.827] [DEBUG] cheese - login => username:asds,password:asdasd
[2020-04-12T17:10:32.827] [DEBUG] cheese - asds
[2020-04-12T17:10:32.835] [DEBUG] cheese - null
[2020-04-12T17:10:32.836] [DEBUG] cheese - null
[2020-04-12T17:10:40.565] [DEBUG] cheese - login => username:admin,password:123456
[2020-04-12T17:10:40.565] [DEBUG] cheese - admin
[2020-04-12T17:10:40.570] [DEBUG] cheese - null
[2020-04-12T17:10:40.571] [DEBUG] cheese - null
[2020-04-12T17:13:01.414] [DEBUG] cheese - login => username:admin,password:123456
[2020-04-12T17:13:01.414] [DEBUG] cheese - admin
[2020-04-12T17:13:01.419] [DEBUG] cheese - null
[2020-04-12T17:13:01.419] [DEBUG] cheese - null
[2020-04-12T17:14:13.509] [DEBUG] cheese - login => username:asd,password:asdasd
[2020-04-12T17:14:13.509] [DEBUG] cheese - asd
[2020-04-12T17:14:13.513] [DEBUG] cheese - null
[2020-04-12T17:14:13.513] [DEBUG] cheese - null
[2020-04-12T17:14:29.832] [DEBUG] cheese - login => username:asda,password:asdd
[2020-04-12T17:14:29.832] [DEBUG] cheese - asda
[2020-04-12T17:14:29.836] [DEBUG] cheese - null
[2020-04-12T17:14:29.836] [DEBUG] cheese - null
[2020-04-12T17:14:47.548] [DEBUG] cheese - login => username:asda,password:asdas
[2020-04-12T17:14:47.548] [DEBUG] cheese - asda
[2020-04-12T17:14:47.550] [DEBUG] cheese - null
[2020-04-12T17:14:47.550] [DEBUG] cheese - null
[2020-04-12T17:16:13.490] [DEBUG] cheese - login => username:admin,password:123456
[2020-04-12T17:16:13.491] [DEBUG] cheese - admin
[2020-04-12T17:16:13.494] [DEBUG] cheese - null
[2020-04-12T17:16:13.494] [DEBUG] cheese - null
[2020-04-12T17:19:51.702] [DEBUG] cheese - login => username:admin,password:123456
[2020-04-12T17:19:51.702] [DEBUG] cheese - admin
[2020-04-12T17:19:51.708] [DEBUG] cheese - null
[2020-04-12T17:19:51.708] [DEBUG] cheese - null
[2020-04-12T17:27:03.572] [DEBUG] cheese - login => username:admin,password:123456
[2020-04-12T17:27:03.572] [DEBUG] cheese - admin
[2020-04-12T17:27:03.578] [DEBUG] cheese - null
[2020-04-12T17:27:03.579] [DEBUG] cheese - null
[2020-04-12T17:27:11.388] [DEBUG] cheese - login => username:admin,password:123456
[2020-04-12T17:27:11.388] [DEBUG] cheese - admin
[2020-04-12T17:27:11.391] [DEBUG] cheese - null
[2020-04-12T17:27:11.391] [DEBUG] cheese - null
[2020-04-12T17:27:17.238] [DEBUG] cheese - login => username:admin,password:123456
[2020-04-12T17:27:17.239] [DEBUG] cheese - admin
[2020-04-12T17:27:17.242] [DEBUG] cheese - null
[2020-04-12T17:27:17.242] [DEBUG] cheese - null
[2020-04-12T19:44:06.808] [DEBUG] cheese - login => username:admin,password:123456
[2020-04-12T19:44:06.808] [DEBUG] cheese - admin
[2020-04-12T19:44:06.814] [DEBUG] cheese - null
[2020-04-12T19:44:06.814] [DEBUG] cheese - null
[2020-04-12T19:46:13.403] [DEBUG] cheese - login => username:admin,password:123456
[2020-04-12T19:46:13.403] [DEBUG] cheese - admin
[2020-04-12T19:46:13.460] [DEBUG] cheese - null
[2020-04-12T19:46:13.460] [DEBUG] cheese - null
[2020-04-12T19:47:11.660] [DEBUG] cheese - login => username:admin,password:123456
[2020-04-12T19:47:11.660] [DEBUG] cheese - admin
[2020-04-12T19:47:11.664] [DEBUG] cheese - null
[2020-04-12T19:47:11.664] [DEBUG] cheese - null
[2020-04-12T20:04:14.550] [DEBUG] cheese - login => username:admin,password:123456
[2020-04-12T20:04:14.550] [DEBUG] cheese - admin
[2020-04-12T20:04:14.556] [DEBUG] cheese - null
[2020-04-12T20:04:14.556] [DEBUG] cheese - null
[2020-04-12T20:04:56.821] [DEBUG] cheese - login => username:admin,password:123456
[2020-04-12T20:04:56.821] [DEBUG] cheese - admin
[2020-04-12T20:04:56.824] [DEBUG] cheese - null
[2020-04-12T20:04:56.824] [DEBUG] cheese - null
[2020-04-12T20:19:14.176] [DEBUG] cheese - login => username:admin,password:123456
[2020-04-12T20:19:14.176] [DEBUG] cheese - admin
[2020-04-12T20:19:14.182] [DEBUG] cheese - null
[2020-04-12T20:19:14.182] [DEBUG] cheese - null
[2020-04-12T20:46:11.775] [DEBUG] cheese - login => username:admin,password:123456
[2020-04-12T20:46:11.776] [DEBUG] cheese - admin
[2020-04-12T20:46:11.782] [DEBUG] cheese - null
[2020-04-12T20:46:11.782] [DEBUG] cheese - null
[2020-04-12T21:54:35.205] [DEBUG] cheese - login => username:admin,password:123456
[2020-04-12T21:54:35.206] [DEBUG] cheese - admin
[2020-04-12T21:54:35.211] [DEBUG] cheese - null
[2020-04-12T21:54:35.211] [DEBUG] cheese - null
[2020-04-12T22:07:07.757] [DEBUG] cheese - login => username:admin,password:123456
[2020-04-12T22:07:07.758] [DEBUG] cheese - admin
[2020-04-12T22:07:07.762] [DEBUG] cheese - null
[2020-04-12T22:07:07.762] [DEBUG] cheese - null
[2020-04-13T09:30:28.712] [DEBUG] cheese - login => username:admin,password:123456
[2020-04-13T09:30:28.713] [DEBUG] cheese - admin
[2020-04-13T09:30:28.768] [DEBUG] cheese - null
[2020-04-13T09:30:28.768] [DEBUG] cheese - null
[2020-04-14T00:21:17.903] [DEBUG] cheese - null
[2020-04-14T00:21:39.701] [DEBUG] cheese - null
[2020-04-14T00:24:09.942] [DEBUG] cheese - null
[2020-04-14T00:33:29.659] [DEBUG] cheese - null
[2020-04-14T00:34:20.749] [DEBUG] cheese - null
[2020-04-14T00:34:36.814] [DEBUG] cheese - null
[2020-04-14T00:36:17.571] [DEBUG] cheese - null
[2020-04-14T00:36:19.985] [DEBUG] cheese - null
[2020-04-14T00:36:24.116] [DEBUG] cheese - null
[2020-04-14T09:43:14.028] [DEBUG] cheese - login => username:admin,password:123456
[2020-04-14T09:43:14.030] [DEBUG] cheese - admin
[2020-04-14T09:43:14.035] [DEBUG] cheese - null
[2020-04-14T09:43:14.036] [DEBUG] cheese - null
[2020-04-14T10:38:32.401] [DEBUG] cheese - null
[2020-04-14T22:39:18.679] [DEBUG] cheese - login => username:admin,password:123456
[2020-04-14T22:39:18.681] [DEBUG] cheese - admin
[2020-04-14T22:39:18.787] [DEBUG] cheese - null
[2020-04-14T22:39:18.787] [DEBUG] cheese - null
[2020-04-15T22:49:19.015] [DEBUG] cheese - login => username:admin,password:123456
[2020-04-15T22:49:19.016] [DEBUG] cheese - admin
[2020-04-15T22:49:19.104] [DEBUG] cheese - null
[2020-04-15T22:49:19.105] [DEBUG] cheese - null
[2020-04-16T00:34:56.083] [DEBUG] cheese - login => username:admin,password:123456
[2020-04-16T00:34:56.084] [DEBUG] cheese - admin
[2020-04-16T00:34:56.092] [DEBUG] cheese - null
[2020-04-16T00:34:56.093] [DEBUG] cheese - null
[2020-04-16T13:05:28.628] [DEBUG] cheese - login => username:admin,password:123456
[2020-04-16T13:05:28.671] [DEBUG] cheese - admin
[2020-04-16T13:05:28.771] [DEBUG] cheese - null
[2020-04-16T13:05:28.772] [DEBUG] cheese - null
[2020-04-16T13:16:52.656] [DEBUG] cheese - login => username:xzh,password:123456
[2020-04-16T13:16:52.656] [DEBUG] cheese - xzh
[2020-04-16T13:16:52.660] [DEBUG] cheese - null
[2020-04-16T13:16:52.660] [DEBUG] cheese - null
[2020-04-16T13:16:58.682] [DEBUG] cheese - login => username:xzh,password:123456
[2020-04-16T13:16:58.682] [DEBUG] cheese - xzh
[2020-04-16T13:16:58.685] [DEBUG] cheese - null
[2020-04-16T13:16:58.685] [DEBUG] cheese - null
[2020-04-16T13:17:02.857] [DEBUG] cheese - login => username:admin,password:123456
[2020-04-16T13:17:02.857] [DEBUG] cheese - admin
[2020-04-16T13:17:02.862] [DEBUG] cheese - null
[2020-04-16T13:17:02.862] [DEBUG] cheese - null
[2020-04-16T13:17:51.278] [DEBUG] cheese - login => username:xzh,password:123456
[2020-04-16T13:17:51.278] [DEBUG] cheese - xzh
[2020-04-16T13:17:51.281] [DEBUG] cheese - null
[2020-04-16T13:17:51.281] [DEBUG] cheese - null
[2020-04-16T13:17:52.235] [DEBUG] cheese - login => username:xzh,password:123456
[2020-04-16T13:17:52.235] [DEBUG] cheese - xzh
[2020-04-16T13:17:52.238] [DEBUG] cheese - null
[2020-04-16T13:17:52.238] [DEBUG] cheese - null
[2020-04-16T13:17:52.651] [DEBUG] cheese - login => username:xzh,password:123456
[2020-04-16T13:17:52.651] [DEBUG] cheese - xzh
[2020-04-16T13:17:52.655] [DEBUG] cheese - null
[2020-04-16T13:17:52.656] [DEBUG] cheese - null
[2020-04-16T13:17:59.018] [DEBUG] cheese - login => username:admin,password:123456
[2020-04-16T13:17:59.018] [DEBUG] cheese - admin
[2020-04-16T13:17:59.021] [DEBUG] cheese - null
[2020-04-16T13:17:59.021] [DEBUG] cheese - null
[2020-04-16T16:10:00.980] [DEBUG] cheese - null
[2020-04-16T16:15:58.673] [DEBUG] cheese - login => username:admin,password:123456
[2020-04-16T16:15:58.685] [DEBUG] cheese - admin
[2020-04-16T16:15:58.760] [DEBUG] cheese - null
[2020-04-16T16:15:58.761] [DEBUG] cheese - null
[2020-04-16T16:16:13.487] [DEBUG] cheese - login => username:admin,password:123456
[2020-04-16T16:16:13.487] [DEBUG] cheese - admin
[2020-04-16T16:16:13.490] [DEBUG] cheese - null
[2020-04-16T16:16:13.490] [DEBUG] cheese - null
[2020-04-16T16:29:59.333] [DEBUG] cheese - login => username:admin,password:123456
[2020-04-16T16:29:59.335] [DEBUG] cheese - admin
[2020-04-16T16:29:59.338] [DEBUG] cheese - null
[2020-04-16T16:29:59.339] [DEBUG] cheese - null
[2020-04-16T17:00:26.958] [DEBUG] cheese - login => username:admin,password:123456
[2020-04-16T17:00:26.959] [DEBUG] cheese - admin
[2020-04-16T17:00:27.066] [DEBUG] cheese - null
[2020-04-16T17:00:27.067] [DEBUG] cheese - null
[2020-04-17T09:18:09.611] [DEBUG] cheese - login => username:admin,password:123456
[2020-04-17T09:18:09.612] [DEBUG] cheese - admin
[2020-04-17T09:18:09.651] [DEBUG] cheese - null
[2020-04-17T09:18:09.652] [DEBUG] cheese - null
[2020-04-17T09:56:47.786] [DEBUG] cheese - null
[2020-04-17T09:57:10.960] [DEBUG] cheese - null
[2020-04-17T09:57:56.292] [DEBUG] cheese - null
[2020-04-17T09:58:24.148] [DEBUG] cheese - null
[2020-04-17T13:16:31.691] [DEBUG] cheese - login => username:admin,password:123456
[2020-04-17T13:16:31.693] [DEBUG] cheese - admin
[2020-04-17T13:16:31.810] [DEBUG] cheese - null
[2020-04-17T13:16:31.811] [DEBUG] cheese - null
[2020-04-17T13:27:47.476] [DEBUG] cheese - login => username:admin,password:123456
[2020-04-17T13:27:47.476] [DEBUG] cheese - admin
[2020-04-17T13:27:47.592] [DEBUG] cheese - null
[2020-04-17T13:27:47.592] [DEBUG] cheese - null
[2020-04-17T13:58:31.059] [DEBUG] cheese - login => username:admin,password:123456
[2020-04-17T13:58:31.061] [DEBUG] cheese - admin
[2020-04-17T13:58:31.070] [DEBUG] cheese - null
[2020-04-17T13:58:31.071] [DEBUG] cheese - null
